<?xml version="1.0" encoding="UTF-8"?>
<!-- Generated by org.testng.reporters.JUnitXMLReporter -->
<testsuite hostname="PE-LT-076" ignored="51" name="Default test" tests="3" failures="0" timestamp="2022-08-11T14:59:55 IST" time="21.31" errors="0">
  <testcase name="ParentNodeCreation" time="0.006" classname="com.pcm.qa.testcases.CorrelationNamesPageTest"/>
  <testcase name="CorrelationNamesPageTitleTest" time="5.196" classname="com.pcm.qa.testcases.CorrelationNamesPageTest"/>
  <testcase name="CNTestVerificationWithCN1" time="9.892" classname="com.pcm.qa.testcases.CorrelationNamesPageTest"/>
  <testcase name="CNTestVerificationWithCN20" time="0.0" classname="com.pcm.qa.testcases.CorrelationNamesPageTest">
    <ignored/>
  </testcase> <!-- CNTestVerificationWithCN20 -->
  <testcase name="CNTestVerificationWithCN22" time="0.0" classname="com.pcm.qa.testcases.CorrelationNamesPageTest">
    <ignored/>
  </testcase> <!-- CNTestVerificationWithCN22 -->
  <testcase name="CNTestVerificationWithCN21" time="0.0" classname="com.pcm.qa.testcases.CorrelationNamesPageTest">
    <ignored/>
  </testcase> <!-- CNTestVerificationWithCN21 -->
  <testcase name="CNTestVerificationWithCN24" time="0.0" classname="com.pcm.qa.testcases.CorrelationNamesPageTest">
    <ignored/>
  </testcase> <!-- CNTestVerificationWithCN24 -->
  <testcase name="CNTestVerificationWithCN23" time="0.0" classname="com.pcm.qa.testcases.CorrelationNamesPageTest">
    <ignored/>
  </testcase> <!-- CNTestVerificationWithCN23 -->
  <testcase name="CNTestVerificationWithCN9" time="0.0" classname="com.pcm.qa.testcases.CorrelationNamesPageTest">
    <ignored/>
  </testcase> <!-- CNTestVerificationWithCN9 -->
  <testcase name="CNTestVerificationWithCN26" time="0.0" classname="com.pcm.qa.testcases.CorrelationNamesPageTest">
    <ignored/>
  </testcase> <!-- CNTestVerificationWithCN26 -->
  <testcase name="CNTestVerificationWithCN25" time="0.0" classname="com.pcm.qa.testcases.CorrelationNamesPageTest">
    <ignored/>
  </testcase> <!-- CNTestVerificationWithCN25 -->
  <testcase name="CNTestVerificationWithCN28" time="0.0" classname="com.pcm.qa.testcases.CorrelationNamesPageTest">
    <ignored/>
  </testcase> <!-- CNTestVerificationWithCN28 -->
  <testcase name="CNTestVerificationWithCN27" time="0.0" classname="com.pcm.qa.testcases.CorrelationNamesPageTest">
    <ignored/>
  </testcase> <!-- CNTestVerificationWithCN27 -->
  <testcase name="CNTestVerificationWithCN29" time="0.0" classname="com.pcm.qa.testcases.CorrelationNamesPageTest">
    <ignored/>
  </testcase> <!-- CNTestVerificationWithCN29 -->
  <testcase name="CNTestVerificationWithCN6" time="0.0" classname="com.pcm.qa.testcases.CorrelationNamesPageTest">
    <ignored/>
  </testcase> <!-- CNTestVerificationWithCN6 -->
  <testcase name="CNTestVerificationWithCN3" time="0.0" classname="com.pcm.qa.testcases.CorrelationNamesPageTest">
    <ignored/>
  </testcase> <!-- CNTestVerificationWithCN3 -->
  <testcase name="CNTestVerificationWithCN4" time="0.0" classname="com.pcm.qa.testcases.CorrelationNamesPageTest">
    <ignored/>
  </testcase> <!-- CNTestVerificationWithCN4 -->
  <testcase name="CNTestVerificationWithCN7" time="0.0" classname="com.pcm.qa.testcases.CorrelationNamesPageTest">
    <ignored/>
  </testcase> <!-- CNTestVerificationWithCN7 -->
  <testcase name="CNTestVerificationWithCN8" time="0.0" classname="com.pcm.qa.testcases.CorrelationNamesPageTest">
    <ignored/>
  </testcase> <!-- CNTestVerificationWithCN8 -->
  <testcase name="CNTestVerificationWithUpdate" time="0.0" classname="com.pcm.qa.testcases.CorrelationNamesPageTest">
    <ignored/>
  </testcase> <!-- CNTestVerificationWithUpdate -->
  <testcase name="CNTestVerificationWithCN5" time="0.0" classname="com.pcm.qa.testcases.CorrelationNamesPageTest">
    <ignored/>
  </testcase> <!-- CNTestVerificationWithCN5 -->
  <testcase name="CNTestVerificationWithCN2" time="0.0" classname="com.pcm.qa.testcases.CorrelationNamesPageTest">
    <ignored/>
  </testcase> <!-- CNTestVerificationWithCN2 -->
  <testcase name="CNTestVerificationWithCancel" time="0.0" classname="com.pcm.qa.testcases.CorrelationNamesPageTest">
    <ignored/>
  </testcase> <!-- CNTestVerificationWithCancel -->
  <testcase name="CNTestVerificationWithCN31" time="0.0" classname="com.pcm.qa.testcases.CorrelationNamesPageTest">
    <ignored/>
  </testcase> <!-- CNTestVerificationWithCN31 -->
  <testcase name="CNTestVerificationWithCN30" time="0.0" classname="com.pcm.qa.testcases.CorrelationNamesPageTest">
    <ignored/>
  </testcase> <!-- CNTestVerificationWithCN30 -->
  <testcase name="CNTestVerificationWithCN33" time="0.0" classname="com.pcm.qa.testcases.CorrelationNamesPageTest">
    <ignored/>
  </testcase> <!-- CNTestVerificationWithCN33 -->
  <testcase name="CNTestVerificationWithCN32" time="0.0" classname="com.pcm.qa.testcases.CorrelationNamesPageTest">
    <ignored/>
  </testcase> <!-- CNTestVerificationWithCN32 -->
  <testcase name="CNTestVerificationWithCN35" time="0.0" classname="com.pcm.qa.testcases.CorrelationNamesPageTest">
    <ignored/>
  </testcase> <!-- CNTestVerificationWithCN35 -->
  <testcase name="CNTestVerificationWithCN34" time="0.0" classname="com.pcm.qa.testcases.CorrelationNamesPageTest">
    <ignored/>
  </testcase> <!-- CNTestVerificationWithCN34 -->
  <testcase name="CNTestVerificationWithCN37" time="0.0" classname="com.pcm.qa.testcases.CorrelationNamesPageTest">
    <ignored/>
  </testcase> <!-- CNTestVerificationWithCN37 -->
  <testcase name="CNTestVerificationWithCN36" time="0.0" classname="com.pcm.qa.testcases.CorrelationNamesPageTest">
    <ignored/>
  </testcase> <!-- CNTestVerificationWithCN36 -->
  <testcase name="CNTestVerificationWithCN39" time="0.0" classname="com.pcm.qa.testcases.CorrelationNamesPageTest">
    <ignored/>
  </testcase> <!-- CNTestVerificationWithCN39 -->
  <testcase name="CNTestVerificationWithCN38" time="0.0" classname="com.pcm.qa.testcases.CorrelationNamesPageTest">
    <ignored/>
  </testcase> <!-- CNTestVerificationWithCN38 -->
  <testcase name="CNTestVerificationWithCN40" time="0.0" classname="com.pcm.qa.testcases.CorrelationNamesPageTest">
    <ignored/>
  </testcase> <!-- CNTestVerificationWithCN40 -->
  <testcase name="CNTestVerificationWithCN42" time="0.0" classname="com.pcm.qa.testcases.CorrelationNamesPageTest">
    <ignored/>
  </testcase> <!-- CNTestVerificationWithCN42 -->
  <testcase name="CNTestVerificationWithCN41" time="0.0" classname="com.pcm.qa.testcases.CorrelationNamesPageTest">
    <ignored/>
  </testcase> <!-- CNTestVerificationWithCN41 -->
  <testcase name="CNTestVerificationWithCN44" time="0.0" classname="com.pcm.qa.testcases.CorrelationNamesPageTest">
    <ignored/>
  </testcase> <!-- CNTestVerificationWithCN44 -->
  <testcase name="CNTestVerificationWithCN43" time="0.0" classname="com.pcm.qa.testcases.CorrelationNamesPageTest">
    <ignored/>
  </testcase> <!-- CNTestVerificationWithCN43 -->
  <testcase name="CNTestVerificationWithCN46" time="0.0" classname="com.pcm.qa.testcases.CorrelationNamesPageTest">
    <ignored/>
  </testcase> <!-- CNTestVerificationWithCN46 -->
  <testcase name="CNTestVerificationWithCN45" time="0.0" classname="com.pcm.qa.testcases.CorrelationNamesPageTest">
    <ignored/>
  </testcase> <!-- CNTestVerificationWithCN45 -->
  <testcase name="CNTestVerificationWithCN48" time="0.0" classname="com.pcm.qa.testcases.CorrelationNamesPageTest">
    <ignored/>
  </testcase> <!-- CNTestVerificationWithCN48 -->
  <testcase name="CNTestVerificationWithCN47" time="0.0" classname="com.pcm.qa.testcases.CorrelationNamesPageTest">
    <ignored/>
  </testcase> <!-- CNTestVerificationWithCN47 -->
  <testcase name="CNTestVerificationWithCN49" time="0.0" classname="com.pcm.qa.testcases.CorrelationNamesPageTest">
    <ignored/>
  </testcase> <!-- CNTestVerificationWithCN49 -->
  <testcase name="CNTestVerificationWithCN50" time="0.0" classname="com.pcm.qa.testcases.CorrelationNamesPageTest">
    <ignored/>
  </testcase> <!-- CNTestVerificationWithCN50 -->
  <testcase name="CNTestVerificationWithCN11" time="0.0" classname="com.pcm.qa.testcases.CorrelationNamesPageTest">
    <ignored/>
  </testcase> <!-- CNTestVerificationWithCN11 -->
  <testcase name="CNTestVerificationWithCN10" time="0.0" classname="com.pcm.qa.testcases.CorrelationNamesPageTest">
    <ignored/>
  </testcase> <!-- CNTestVerificationWithCN10 -->
  <testcase name="CNTestVerificationWithCN13" time="0.0" classname="com.pcm.qa.testcases.CorrelationNamesPageTest">
    <ignored/>
  </testcase> <!-- CNTestVerificationWithCN13 -->
  <testcase name="CNTestVerificationWithCN12" time="0.0" classname="com.pcm.qa.testcases.CorrelationNamesPageTest">
    <ignored/>
  </testcase> <!-- CNTestVerificationWithCN12 -->
  <testcase name="CNTestVerificationWithCN15" time="0.0" classname="com.pcm.qa.testcases.CorrelationNamesPageTest">
    <ignored/>
  </testcase> <!-- CNTestVerificationWithCN15 -->
  <testcase name="CNTestVerificationWithCN14" time="0.0" classname="com.pcm.qa.testcases.CorrelationNamesPageTest">
    <ignored/>
  </testcase> <!-- CNTestVerificationWithCN14 -->
  <testcase name="CNTestVerificationWithCN17" time="0.0" classname="com.pcm.qa.testcases.CorrelationNamesPageTest">
    <ignored/>
  </testcase> <!-- CNTestVerificationWithCN17 -->
  <testcase name="CNTestVerificationWithCN16" time="0.0" classname="com.pcm.qa.testcases.CorrelationNamesPageTest">
    <ignored/>
  </testcase> <!-- CNTestVerificationWithCN16 -->
  <testcase name="CNTestVerificationWithCN19" time="0.0" classname="com.pcm.qa.testcases.CorrelationNamesPageTest">
    <ignored/>
  </testcase> <!-- CNTestVerificationWithCN19 -->
  <testcase name="CNTestVerificationWithCN18" time="0.0" classname="com.pcm.qa.testcases.CorrelationNamesPageTest">
    <ignored/>
  </testcase> <!-- CNTestVerificationWithCN18 -->
</testsuite> <!-- Default test -->
