<?xml version="1.0" encoding="UTF-8"?>
<!-- Generated by org.testng.reporters.JUnitXMLReporter -->
<testsuite hostname="PavanKalyan" ignored="0" name="PCM Regression Test Automation Suite" tests="102" failures="0" timestamp="2022-02-24T16:04:56 IST" time="2059.408" errors="0">
  <testcase name="ParentNodeCreation" time="0.014" classname="com.pcm.qa.testcases.CreateUserPageTest"/>
  <testcase name="verifyAccessmanagementPageTitle" time="7.254" classname="com.pcm.qa.testcases.CreateUserPageTest"/>
  <testcase name="verifyCreateUserPageTitle" time="1.047" classname="com.pcm.qa.testcases.CreateUserPageTest"/>
  <testcase name="verifyCreateUserPageAdminwithvalidData" time="22.201" classname="com.pcm.qa.testcases.CreateUserPageTest"/>
  <testcase name="verifyCreateUserPagewithvalidData" time="27.802" classname="com.pcm.qa.testcases.CreateUserPageTest"/>
  <testcase name="verifyCreateUserPageforOnBoarderwithvalidData" time="27.43" classname="com.pcm.qa.testcases.CreateUserPageTest"/>
  <testcase name="verifyCreateUserPageforBusinessAdminwithvalidData" time="26.272" classname="com.pcm.qa.testcases.CreateUserPageTest"/>
  <testcase name="verifyCreateUserPageforDataProcessorwithvalidData" time="26.527" classname="com.pcm.qa.testcases.CreateUserPageTest"/>
  <testcase name="verifyCreateUserPageforDataProcessorRestrictedwithvalidData" time="27.788" classname="com.pcm.qa.testcases.CreateUserPageTest"/>
  <testcase name="verifyNewUserPageWithOnlyMandatoryFieldsAndRoleAsUser" time="25.05" classname="com.pcm.qa.testcases.CreateUserPageTest"/>
  <testcase name="verifyNewAdminPageWithOnlyMandatoryFieldsAndRoleAsAdmin" time="19.867" classname="com.pcm.qa.testcases.CreateUserPageTest"/>
  <testcase name="verifyCreateUserPagewithoutMandatoryfields" time="5.459" classname="com.pcm.qa.testcases.CreateUserPageTest"/>
  <testcase name="verifyCreateUserPagewithOnlyNonMandatoryfields" time="10.866" classname="com.pcm.qa.testcases.CreateUserPageTest"/>
  <testcase name="ValidateCUPwithOUTUserId" time="24.619" classname="com.pcm.qa.testcases.CreateUserPageTest"/>
  <testcase name="ValidateCUPwithoutFirstName" time="25.218" classname="com.pcm.qa.testcases.CreateUserPageTest"/>
  <testcase name="ValidateCUPwithoutLastName" time="19.237" classname="com.pcm.qa.testcases.CreateUserPageTest"/>
  <testcase name="ValidateCUPwithoutEmail" time="22.209" classname="com.pcm.qa.testcases.CreateUserPageTest"/>
  <testcase name="ValidateCUPwithoutExternalId" time="22.606" classname="com.pcm.qa.testcases.CreateUserPageTest"/>
  <testcase name="ValidateCUPwithInvalidEmail" time="26.658" classname="com.pcm.qa.testcases.CreateUserPageTest"/>
  <testcase name="ValidateNewAdminCreationwithOUTUserId" time="21.736" classname="com.pcm.qa.testcases.CreateUserPageTest"/>
  <testcase name="ValidateNewAdminCreationwithoutFirstName" time="23.069" classname="com.pcm.qa.testcases.CreateUserPageTest"/>
  <testcase name="ValidateNewAdminCreationwithoutLastName" time="22.952" classname="com.pcm.qa.testcases.CreateUserPageTest"/>
  <testcase name="ValidateNewAdminCreationwithoutEmail" time="21.691" classname="com.pcm.qa.testcases.CreateUserPageTest"/>
  <testcase name="ValidateNewAdminCreationwithInvalidEmail" time="21.798" classname="com.pcm.qa.testcases.CreateUserPageTest"/>
  <testcase name="verifyCreateUserPagewithExistingData" time="28.705" classname="com.pcm.qa.testcases.CreateUserPageTest"/>
  <testcase name="verifyCreateAdminPagewithExistingData" time="17.155" classname="com.pcm.qa.testcases.CreateUserPageTest"/>
  <testcase name="ParentNodeCreation" time="0.001" classname="com.pcm.qa.testcases.ManageUserPageTest"/>
  <testcase name="verificationOfManageUserPageTitle" time="7.181" classname="com.pcm.qa.testcases.ManageUserPageTest"/>
  <testcase name="VerficationOfManageUserwithvalidData" time="22.369" classname="com.pcm.qa.testcases.ManageUserPageTest"/>
  <testcase name="VerificationOfManageUserwithvalidDataAndEditUser" time="49.165" classname="com.pcm.qa.testcases.ManageUserPageTest"/>
  <testcase name="VerificationOfManageUserwithvalidDataAndDeactivatetheUser" time="23.96" classname="com.pcm.qa.testcases.ManageUserPageTest"/>
  <testcase name="VerificationOfManageUserwithvalidDataAndActivatetheUser" time="23.462" classname="com.pcm.qa.testcases.ManageUserPageTest"/>
  <testcase name="VerficationOfManageUserwithRoleasAdminOfvalidData" time="24.72" classname="com.pcm.qa.testcases.ManageUserPageTest"/>
  <testcase name="VerificationOfManageUserwithRoleasAdminOfvalidDataAndEditUser" time="32.456" classname="com.pcm.qa.testcases.ManageUserPageTest"/>
  <testcase name="VerificationOfManageUserwithRoleasAdminAndDeactivatetheUser" time="22.517" classname="com.pcm.qa.testcases.ManageUserPageTest"/>
  <testcase name="VerificationOfManageUserwithRoleasAdminAndActivatetheUser" time="22.233" classname="com.pcm.qa.testcases.ManageUserPageTest"/>
  <testcase name="VerificationOfManageUserwithRoleasAdminAndDeletetheUser" time="21.329" classname="com.pcm.qa.testcases.ManageUserPageTest"/>
  <testcase name="VerificationOfMUPwithUserId" time="9.447" classname="com.pcm.qa.testcases.ManageUserPageTest"/>
  <testcase name="VerificationOfMUPwithUserIdAndEditUser" time="24.083" classname="com.pcm.qa.testcases.ManageUserPageTest"/>
  <testcase name="VerificationOfMUPwithUserIdAndDeactivatetheUser" time="13.772" classname="com.pcm.qa.testcases.ManageUserPageTest"/>
  <testcase name="VerificationOfMUPwithUserIdAndActivatetheUser" time="11.933" classname="com.pcm.qa.testcases.ManageUserPageTest"/>
  <testcase name="VerificationOfMUPwithUserRole" time="13.611" classname="com.pcm.qa.testcases.ManageUserPageTest"/>
  <testcase name="VerificationOfMUPwithUserRoleAndEditUser" time="27.011" classname="com.pcm.qa.testcases.ManageUserPageTest"/>
  <testcase name="VerificationOfMUPwithUserRoleAndDeactivatetheUser" time="15.976" classname="com.pcm.qa.testcases.ManageUserPageTest"/>
  <testcase name="VerificationOfMUPwithUserRoleAndActivatetheUser" time="15.884" classname="com.pcm.qa.testcases.ManageUserPageTest"/>
  <testcase name="VerificationOfMUPwithFirstName" time="8.153" classname="com.pcm.qa.testcases.ManageUserPageTest"/>
  <testcase name="VerificationOfMUPwithFirstNameAndEditUser" time="28.447" classname="com.pcm.qa.testcases.ManageUserPageTest"/>
  <testcase name="VerificationOfMUPwithFirstNameAndDeactivateUser" time="13.795" classname="com.pcm.qa.testcases.ManageUserPageTest"/>
  <testcase name="VerificationOfMUPwithFirstNameAndActivateUser" time="13.701" classname="com.pcm.qa.testcases.ManageUserPageTest"/>
  <testcase name="VerificationOfMUPwithLastName" time="10.411" classname="com.pcm.qa.testcases.ManageUserPageTest"/>
  <testcase name="VerificationOfMUPwithLastNameAndEditUser" time="25.836" classname="com.pcm.qa.testcases.ManageUserPageTest"/>
  <testcase name="VerificationOfMUPwithLastNameAndDeactivateUser" time="14.756" classname="com.pcm.qa.testcases.ManageUserPageTest"/>
  <testcase name="VerificationOfMUPwithLastNameAndActivateUser" time="12.731" classname="com.pcm.qa.testcases.ManageUserPageTest"/>
  <testcase name="VerificationOfMUPwithStatusDropDown" time="14.629" classname="com.pcm.qa.testcases.ManageUserPageTest"/>
  <testcase name="VerificationOfMUPwithStatusAndEditUser" time="28.425" classname="com.pcm.qa.testcases.ManageUserPageTest"/>
  <testcase name="VerificationOfMUPwithStatusAndDeactivateUser" time="18.07" classname="com.pcm.qa.testcases.ManageUserPageTest"/>
  <testcase name="VerificationOfMUPwithStatusAndDeleteUser" time="18.109" classname="com.pcm.qa.testcases.ManageUserPageTest"/>
  <testcase name="VerficationOfManageUserwithRoleasOnBoarderOfvalidData" time="21.665" classname="com.pcm.qa.testcases.ManageUserPageTest"/>
  <testcase name="VerificationOfManageUserwithRoleasOnBoarderAndEditUser" time="34.293" classname="com.pcm.qa.testcases.ManageUserPageTest"/>
  <testcase name="VerificationOfManageUserwithRoleasOnBoarderAndDeactivatetheUser" time="22.495" classname="com.pcm.qa.testcases.ManageUserPageTest"/>
  <testcase name="VerificationOfManageUserwithRoleasOnBoarderAndActivatetheUser" time="22.509" classname="com.pcm.qa.testcases.ManageUserPageTest"/>
  <testcase name="VerificationOfManageUserwithRoleasOnBoarderAndDeletetheUser" time="21.285" classname="com.pcm.qa.testcases.ManageUserPageTest"/>
  <testcase name="VerficationOfManageUserwithRoleasBusinessAdminOfvalidData" time="21.846" classname="com.pcm.qa.testcases.ManageUserPageTest"/>
  <testcase name="VerificationOfManageUserwithRoleasBusinessAdminAndEditUser" time="34.661" classname="com.pcm.qa.testcases.ManageUserPageTest"/>
  <testcase name="VerificationOfManageUserwithRoleasBusinessAdminAndDeactivatetheUser" time="23.556" classname="com.pcm.qa.testcases.ManageUserPageTest"/>
  <testcase name="VerificationOfManageUserwithRoleasBusinessAdminAndActivatetheUser" time="22.44" classname="com.pcm.qa.testcases.ManageUserPageTest"/>
  <testcase name="VerificationOfManageUserwithRoleasBusinessAdminAndDeletetheUser" time="21.431" classname="com.pcm.qa.testcases.ManageUserPageTest"/>
  <testcase name="VerficationOfManageUserwithRoleasBusinessUserOfvalidData" time="21.689" classname="com.pcm.qa.testcases.ManageUserPageTest"/>
  <testcase name="VerificationOfManageUserwithRoleasBusinessUserAndEditUser" time="34.836" classname="com.pcm.qa.testcases.ManageUserPageTest"/>
  <testcase name="VerificationOfManageUserwithRoleasBusinessUserAndDeactivatetheUser" time="22.594" classname="com.pcm.qa.testcases.ManageUserPageTest"/>
  <testcase name="VerificationOfManageUserwithRoleasBusinessUserAndActivatetheUser" time="22.599" classname="com.pcm.qa.testcases.ManageUserPageTest"/>
  <testcase name="VerificationOfManageUserwithRoleasBusinessUserAndDeletetheUser" time="21.471" classname="com.pcm.qa.testcases.ManageUserPageTest"/>
  <testcase name="VerficationOfManageUserwithRoleasDataProcessorOfvalidData" time="22.286" classname="com.pcm.qa.testcases.ManageUserPageTest"/>
  <testcase name="VerificationOfManageUserwithRoleasDataProcessorAndEditUser" time="34.71" classname="com.pcm.qa.testcases.ManageUserPageTest"/>
  <testcase name="VerificationOfManageUserwithRoleasDataProcessorAndDeactivatetheUser" time="22.531" classname="com.pcm.qa.testcases.ManageUserPageTest"/>
  <testcase name="VerificationOfManageUserwithRoleasDataProcessorAndActivatetheUser" time="22.614" classname="com.pcm.qa.testcases.ManageUserPageTest"/>
  <testcase name="VerificationOfManageUserwithRoleasDataProcessorAndDeletetheUser" time="21.669" classname="com.pcm.qa.testcases.ManageUserPageTest"/>
  <testcase name="VerficationOfManageUserwithRoleasDataProcessorRestrictedOfvalidData" time="21.924" classname="com.pcm.qa.testcases.ManageUserPageTest"/>
  <testcase name="VerificationOfManageUserwithRoleasDataProcessorRestrictedAndEditUser" time="35.625" classname="com.pcm.qa.testcases.ManageUserPageTest"/>
  <testcase name="VerificationOfManageUserwithRoleasDataProcessorRestrictedAndDeactivatetheUser" time="22.613" classname="com.pcm.qa.testcases.ManageUserPageTest"/>
  <testcase name="VerificationOfManageUserwithRoleasDataProcessorRestrictedAndActivatetheUser" time="22.781" classname="com.pcm.qa.testcases.ManageUserPageTest"/>
  <testcase name="VerificationOfManageUserwithRoleasDataProcessorRestrictedAndDeletetheUser" time="21.471" classname="com.pcm.qa.testcases.ManageUserPageTest"/>
  <testcase name="ManageUserPageTestWithResetSearch" time="27.082" classname="com.pcm.qa.testcases.ManageUserPageTest"/>
  <testcase name="VerificationOfManageUserPageWithInvalidData" time="26.234" classname="com.pcm.qa.testcases.ManageUserPageTest"/>
  <testcase name="ParentNodeCreation" time="0.001" classname="com.pcm.qa.testcases.CreateGroupPageTest"/>
  <testcase name="verificationOfCreateGroupPageTitle" time="11.339" classname="com.pcm.qa.testcases.CreateGroupPageTest"/>
  <testcase name="verificationOfCreateGroupWithValidData" time="13.729" classname="com.pcm.qa.testcases.CreateGroupPageTest"/>
  <testcase name="verificationOfCreateGroupWithMandatoryField" time="17.324" classname="com.pcm.qa.testcases.CreateGroupPageTest"/>
  <testcase name="verificationOfCreateGroupWithOutMandatoryField" time="16.928" classname="com.pcm.qa.testcases.CreateGroupPageTest"/>
  <testcase name="verificationOfCreateGroupWithInvalidOrExistingData" time="20.781" classname="com.pcm.qa.testcases.CreateGroupPageTest"/>
  <testcase name="verificationOfCreateGroupWithCancleButton" time="16.519" classname="com.pcm.qa.testcases.CreateGroupPageTest"/>
  <testcase name="verificationOfCreateGroupWithFilter1Search" time="21.72" classname="com.pcm.qa.testcases.CreateGroupPageTest"/>
  <testcase name="verificationOfCreateGroupWithFilter2Search" time="26.904" classname="com.pcm.qa.testcases.CreateGroupPageTest"/>
  <testcase name="ParentNodeCreation" time="0.001" classname="com.pcm.qa.testcases.ManageGroupPageTest"/>
  <testcase name="validationOfManageGroupPageTitle" time="7.436" classname="com.pcm.qa.testcases.ManageGroupPageTest"/>
  <testcase name="ValidationOfManageGroupPageWithValidData" time="2.651" classname="com.pcm.qa.testcases.ManageGroupPageTest"/>
  <testcase name="ValidationOfManageGroupPageWithValidDataAndEditGroupWithMoveselect" time="17.725" classname="com.pcm.qa.testcases.ManageGroupPageTest"/>
  <testcase name="ValidationOfManageGroupPageWithValidDataAndEditGroupWithRemoveselect" time="22.565" classname="com.pcm.qa.testcases.ManageGroupPageTest"/>
  <testcase name="ValidationOfManageGroupPageWithValidDataAndDeleteGroup" time="12.849" classname="com.pcm.qa.testcases.ManageGroupPageTest"/>
  <testcase name="ValidationOfManageGroupPageWithInvalidData" time="6.369" classname="com.pcm.qa.testcases.ManageGroupPageTest"/>
  <testcase name="ValidationOfManageGroupPageWithResetSearch" time="8.272" classname="com.pcm.qa.testcases.ManageGroupPageTest"/>
  <testcase name="ValidationOfManageGroupPageWithCancelButton" time="17.263" classname="com.pcm.qa.testcases.ManageGroupPageTest"/>
</testsuite> <!-- PCM Regression Test Automation Suite -->
